<?xml version="1.0" encoding="UTF-8"?>
<Site BuildName="(empty)"
	BuildStamp="20250409-0816-Experimental"
	Name="alex-MS-7B61"
	Generator="ctest-3.22.1"
	CompilerName="/usr/bin/c++"
	CompilerVersion="11.4.0"
	OSName="Linux"
	Hostname="alex-MS-7B61"
	OSRelease="6.8.0-57-generic"
	OSVersion="#59~22.04.1-Ubuntu SMP PREEMPT_DYNAMIC Wed Mar 19 17:07:41 UTC 2"
	OSPlatform="x86_64"
	Is64Bits="1"
	VendorString="GenuineIntel"
	VendorID="Intel Corporation"
	FamilyID="6"
	ModelID="158"
	ProcessorCacheSize="9216"
	NumberOfLogicalCPU="6"
	NumberOfPhysicalCPU="6"
	TotalVirtualMemory="2047"
	TotalPhysicalMemory="31970"
	LogicalProcessorsPerPhysical="1"
	ProcessorClockFrequency="4100"
	>
	<Testing>
		<StartDateTime>Apr 09 15:21 CEST</StartDateTime>
		<StartTestTime>1744204915</StartTestTime>
		<TestList/>
		<EndDateTime>Apr 09 15:21 CEST</EndDateTime>
		<EndTestTime>1744204915</EndTestTime>
		<ElapsedMinutes>0</ElapsedMinutes>
	</Testing>
</Site>
